2025-03-07 18:25:15:2515 [32minfo[39m: [32mServer running on port 5000[39m
2025-03-07 18:25:15:2515 [32minfo[39m: [32mConnected to Supabase successfully[39m
2025-03-07 18:25:26:2526 [32minfo[39m: [32mServer running on port 5000[39m
2025-03-07 18:25:26:2526 [32minfo[39m: [32mConnected to Supabase successfully[39m
2025-03-07 18:25:35:2535 [32minfo[39m: [32mServer running on port 5000[39m
2025-03-07 18:25:35:2535 [32minfo[39m: [32mConnected to Supabase successfully[39m
2025-03-07 18:25:44:2544 [32minfo[39m: [32mServer running on port 5000[39m
2025-03-07 18:25:44:2544 [32minfo[39m: [32mConnected to Supabase successfully[39m
2025-03-07 18:25:59:2559 [32minfo[39m: [32mServer running on port 5000[39m
2025-03-07 18:25:59:2559 [32minfo[39m: [32mConnected to Supabase successfully[39m
2025-03-07 18:26:11:2611 [32minfo[39m: [32mServer running on port 5000[39m
2025-03-07 18:26:11:2611 [32minfo[39m: [32mConnected to Supabase successfully[39m
2025-03-07 18:26:16:2616 [32minfo[39m: [32mServer running on port 5000[39m
2025-03-07 18:26:16:2616 [32minfo[39m: [32mConnected to Supabase successfully[39m
2025-03-07 18:26:46:2646 [32minfo[39m: [32mServer running on port 5000[39m
2025-03-07 18:26:47:2647 [32minfo[39m: [32mConnected to Supabase successfully[39m
2025-03-07 18:27:36:2736 [32minfo[39m: [32mServer running on port 5000[39m
2025-03-07 18:27:36:2736 [32minfo[39m: [32mConnected to Supabase successfully[39m
2025-03-07 18:27:39:2739 [32minfo[39m: [32mServer running on port 5000[39m
2025-03-07 18:27:39:2739 [32minfo[39m: [32mConnected to Supabase successfully[39m
2025-03-07 18:27:52:2752 [32minfo[39m: [32mServer running on port 5000[39m
2025-03-07 18:27:52:2752 [32minfo[39m: [32mConnected to Supabase successfully[39m
2025-03-07 18:28:07:287 [32minfo[39m: [32mServer running on port 5000[39m
2025-03-07 18:28:07:287 [32minfo[39m: [32mConnected to Supabase successfully[39m
2025-03-07 18:28:20:2820 [32minfo[39m: [32mServer running on port 5000[39m
2025-03-07 18:28:20:2820 [32minfo[39m: [32mConnected to Supabase successfully[39m
2025-03-07 18:29:33:2933 [32minfo[39m: [32mServer running on port 5000[39m
2025-03-07 18:29:33:2933 [32minfo[39m: [32mConnected to Supabase successfully[39m
2025-03-07 18:32:42:3242 [32minfo[39m: [32mServer running on port 5000[39m
2025-03-07 18:32:42:3242 [32minfo[39m: [32mConnected to Supabase successfully[39m
2025-03-07 18:32:53:3253 [32minfo[39m: [32mServer running on port 5000[39m
2025-03-07 18:32:53:3253 [32minfo[39m: [32mConnected to Supabase successfully[39m
2025-03-07 18:33:11:3311 [32minfo[39m: [32mServer running on port 5000[39m
2025-03-07 18:33:11:3311 [32minfo[39m: [32mConnected to Supabase successfully[39m
2025-03-07 18:33:20:3320 [32minfo[39m: [32mServer running on port 5000[39m
2025-03-07 18:33:20:3320 [32minfo[39m: [32mConnected to Supabase successfully[39m
2025-03-07 18:33:24:3324 [32minfo[39m: [32mServer running on port 5000[39m
2025-03-07 18:33:24:3324 [32minfo[39m: [32mConnected to Supabase successfully[39m
2025-03-07 18:33:33:3333 [32minfo[39m: [32mServer running on port 5000[39m
2025-03-07 18:33:33:3333 [32minfo[39m: [32mConnected to Supabase successfully[39m
2025-03-07 18:33:41:3341 [32minfo[39m: [32mServer running on port 5000[39m
2025-03-07 18:33:41:3341 [32minfo[39m: [32mConnected to Supabase successfully[39m
2025-03-07 18:33:43:3343 [32minfo[39m: [32mServer running on port 5000[39m
2025-03-07 18:33:43:3343 [32minfo[39m: [32mConnected to Supabase successfully[39m
2025-03-07 18:33:52:3352 [32minfo[39m: [32mServer running on port 5000[39m
2025-03-07 18:33:52:3352 [32minfo[39m: [32mConnected to Supabase successfully[39m
2025-03-07 18:36:26:3626 [32minfo[39m: [32mOPTIONS /v1/early-access 204 - 1.351 ms[39m
2025-03-07 18:36:28:3628 [32minfo[39m: [32mSuccessfully registered yugandhardeveloper@gmail.com for early access[39m
2025-03-07 18:36:28:3628 [32minfo[39m: [32mNew early access registration created for: yugandhardeveloper@gmail.com[39m
2025-03-07 18:36:28:3628 [32minfo[39m: [32mPOST /v1/early-access 201 - 1821.003 ms[39m
2025-03-07 18:38:41:3841 [31merror[39m: [31mError fetching registration countdown: invalid input syntax for type uuid: "countdown"[39m
2025-03-07 18:38:41:3841 [31merror[39m: [31mGET /v1/early-access/countdown 500 - 856.142 ms - message: Error fetching registration[39m
2025-03-07 18:38:42:3842 [31merror[39m: [31mError fetching registration countdown: invalid input syntax for type uuid: "countdown"[39m
2025-03-07 18:38:42:3842 [31merror[39m: [31mGET /v1/early-access/countdown 500 - 179.750 ms - message: Error fetching registration[39m
2025-03-07 18:39:07:397 [32minfo[39m: [32mServer running on port 5000[39m
2025-03-07 18:39:07:397 [32minfo[39m: [32mConnected to Supabase successfully[39m
2025-03-07 18:39:30:3930 [32minfo[39m: [32mServer running on port 5000[39m
2025-03-07 18:39:30:3930 [32minfo[39m: [32mConnected to Supabase successfully[39m
2025-03-07 18:39:54:3954 [31merror[39m: [31mError fetching countdown timer: relation "public.countdown_timers" does not exist[39m
2025-03-07 18:39:54:3954 [31merror[39m: [31mGET /v1/early-access/countdown 500 - 937.857 ms - message: Error fetching countdown timer[39m
2025-03-07 18:39:54:3954 [31merror[39m: [31mError fetching countdown timer: relation "public.countdown_timers" does not exist[39m
2025-03-07 18:39:54:3954 [31merror[39m: [31mGET /v1/early-access/countdown 500 - 498.899 ms - message: Error fetching countdown timer[39m
2025-03-07 18:40:06:406 [31merror[39m: [31mError fetching countdown timer: relation "public.countdown_timers" does not exist[39m
2025-03-07 18:40:06:406 [31merror[39m: [31mGET /v1/early-access/countdown 500 - 220.835 ms - message: Error fetching countdown timer[39m
2025-03-07 18:40:06:406 [31merror[39m: [31mError fetching countdown timer: relation "public.countdown_timers" does not exist[39m
2025-03-07 18:40:06:406 [31merror[39m: [31mGET /v1/early-access/countdown 500 - 155.527 ms - message: Error fetching countdown timer[39m
2025-03-07 18:41:39:4139 [31merror[39m: [31mError fetching countdown timer: relation "public.countdown_timers" does not exist[39m
2025-03-07 18:41:39:4139 [31merror[39m: [31mGET /v1/early-access/countdown 500 - 1245.943 ms - message: Error fetching countdown timer[39m
2025-03-07 18:41:41:4141 [31merror[39m: [31mError fetching countdown timer: relation "public.countdown_timers" does not exist[39m
2025-03-07 18:41:41:4141 [31merror[39m: [31mGET /v1/early-access/countdown 500 - 527.991 ms - message: Error fetching countdown timer[39m
2025-03-07 18:41:42:4142 [31merror[39m: [31mError fetching countdown timer: relation "public.countdown_timers" does not exist[39m
2025-03-07 18:41:42:4142 [31merror[39m: [31mGET /v1/early-access/countdown 500 - 416.026 ms - message: Error fetching countdown timer[39m
2025-03-07 18:42:02:422 [32minfo[39m: [32mServer running on port 5000[39m
2025-03-07 18:42:02:422 [32minfo[39m: [32mConnected to Supabase successfully[39m
2025-03-07 18:42:08:428 [32minfo[39m: [32mServer running on port 5000[39m
2025-03-07 18:42:08:428 [32minfo[39m: [32mConnected to Supabase successfully[39m
2025-03-07 18:42:13:4213 [32minfo[39m: [32mServer running on port 5000[39m
2025-03-07 18:42:13:4213 [32minfo[39m: [32mConnected to Supabase successfully[39m
